<?xml version="1.0" encoding="UTF-8"?>
<Site BuildName="Linux-g++"
	BuildStamp="20240916-1655-Experimental"
	Name="Surface"
	Generator="ctest-3.22.1"
	CompilerName="/usr/bin/g++"
	CompilerVersion="11.4.0"
	OSName="Linux"
	Hostname="Surface"
	OSRelease="5.10.16.3-microsoft-standard-WSL2"
	OSVersion="#1 SMP Fri Apr 2 22:23:49 UTC 2021"
	OSPlatform="x86_64"
	Is64Bits="1"
	VendorString="GenuineIntel"
	VendorID="Intel Corporation"
	FamilyID="6"
	ModelID="126"
	ProcessorCacheSize="8192"
	NumberOfLogicalCPU="8"
	NumberOfPhysicalCPU="4"
	TotalVirtualMemory="2048"
	TotalPhysicalMemory="7750"
	LogicalProcessorsPerPhysical="2"
	ProcessorClockFrequency="1497.6"
	>
	<Testing>
		<StartDateTime>Sep 16 13:12 EDT</StartDateTime>
		<StartTestTime>1726506740</StartTestTime>
		<TestList/>
		<EndDateTime>Sep 16 13:12 EDT</EndDateTime>
		<EndTestTime>1726506740</EndTestTime>
		<ElapsedMinutes>0</ElapsedMinutes>
	</Testing>
</Site>
