<?xml version="1.0" encoding="UTF-8"?>
<Site BuildName="Linux-g++"
	BuildStamp="20241003-0344-Experimental"
	Name="Homedesktop"
	Generator="ctest-3.22.1"
	CompilerName="/usr/bin/g++"
	CompilerVersion="11.4.0"
	OSName="Linux"
	Hostname="Homedesktop"
	OSRelease="5.15.153.1-microsoft-standard-WSL2"
	OSVersion="#1 SMP Fri Mar 29 23:14:13 UTC 2024"
	OSPlatform="x86_64"
	Is64Bits="1"
	VendorString="AuthenticAMD"
	VendorID="Advanced Micro Devices"
	FamilyID="25"
	ModelID="97"
	ProcessorCacheSize="1024"
	NumberOfLogicalCPU="16"
	NumberOfPhysicalCPU="8"
	TotalVirtualMemory="4096"
	TotalPhysicalMemory="15586"
	LogicalProcessorsPerPhysical="2"
	ProcessorClockFrequency="4199.91"
	>
	<Testing>
		<StartDateTime>Oct 03 07:05 EDT</StartDateTime>
		<StartTestTime>1727953556</StartTestTime>
		<TestList/>
		<EndDateTime>Oct 03 07:05 EDT</EndDateTime>
		<EndTestTime>1727953556</EndTestTime>
		<ElapsedMinutes>0</ElapsedMinutes>
	</Testing>
</Site>
